--------------- Clean Started: 09/09/2018 17:04:03 Project: Design01, Configuration: ARM GCC 5.4-2016-q2-update Debug ---------------
Deleting file ".\CortexM0\ARM_GCC_541\Debug\main.o"
Deleting file ".\CortexM0\ARM_GCC_541\Debug\TFT.o"
Deleting file ".\CortexM0\ARM_GCC_541\Debug\cyfitter_cfg.o"
Deleting file ".\CortexM0\ARM_GCC_541\Debug\cymetadata.o"
Deleting file ".\CortexM0\ARM_GCC_541\Debug\SPIM.o"
Deleting file ".\CortexM0\ARM_GCC_541\Debug\SPIM_PM.o"
Deleting file ".\CortexM0\ARM_GCC_541\Debug\SPIM_INT.o"
Deleting file ".\CortexM0\ARM_GCC_541\Debug\SDA.o"
Deleting file ".\CortexM0\ARM_GCC_541\Debug\SDA_PM.o"
Deleting file ".\CortexM0\ARM_GCC_541\Debug\SCK.o"
Deleting file ".\CortexM0\ARM_GCC_541\Debug\SCK_PM.o"
Deleting file ".\CortexM0\ARM_GCC_541\Debug\CS.o"
Deleting file ".\CortexM0\ARM_GCC_541\Debug\CS_PM.o"
Deleting file ".\CortexM0\ARM_GCC_541\Debug\D_C.o"
Deleting file ".\CortexM0\ARM_GCC_541\Debug\D_C_PM.o"
Deleting file ".\CortexM0\ARM_GCC_541\Debug\SPIM_IntClock.o"
Deleting file ".\CortexM0\ARM_GCC_541\Debug\cy_em_eeprom.o"
Deleting file ".\CortexM0\ARM_GCC_541\Debug\Cm0Start.o"
Deleting file ".\CortexM0\ARM_GCC_541\Debug\CyFlash.o"
Deleting file ".\CortexM0\ARM_GCC_541\Debug\CyLib.o"
Deleting file ".\CortexM0\ARM_GCC_541\Debug\cyPm.o"
Deleting file ".\CortexM0\ARM_GCC_541\Debug\cyutils.o"
Deleting file ".\CortexM0\ARM_GCC_541\Debug\CyBootAsmGnu.o"
Deleting file ".\CortexM0\ARM_GCC_541\Debug\CyLFClk.o"
Deleting file ".\CortexM0\ARM_GCC_541\Debug\Design01.hex"
Deleting file ".\CortexM0\ARM_GCC_541\Debug\Design01.elf"
Deleting file ".\CortexM0\ARM_GCC_541\Debug\Design01.map"
Deleting file ".\Design01.cycdx"
Deleting file ".\Design01.rpt"
Deleting file ".\Design01_timing.html"
Deleting file ".\CortexM0\ARM_GCC_541\Debug\.deps\SOURCE_C__ARM_GCC_GENERIC.P"
Deleting file ".\CortexM0\ARM_GCC_541\Debug\.deps\SOURCE_ASM__ARM_GCC_GENERIC.P"
--------------- Clean Succeeded: 09/09/2018 17:04:03 ---------------
